9_bmi-calculator-flutter/build/app/intermediates/manifest_merge_blame_file/debug/manifest-merger-blame-debug-report.txt
1<?xml version="1.0" encoding="utf-8"?>
2<manifest xmlns:android="http://schemas.android.com/apk/res/android"
3    package="co.appbrewery.bmicalculator"
4    android:versionCode="1"
5    android:versionName="1.0.0" >
6
7    <uses-sdk
8        android:minSdkVersion="16"
8-->src/main/AndroidManifest.xml
9        android:targetSdkVersion="29" />
9-->src/main/AndroidManifest.xml
10
11    <!--
12         The INTERNET permission is required for development. Specifically,
13         flutter needs it to communicate with the running application
14         to allow setting breakpoints, to provide hot reload, etc.
15    -->
16    <uses-permission android:name="android.permission.INTERNET" />
16-->src/main/AndroidManifest.xml:8:5-66
16-->src/main/AndroidManifest.xml:8:22-64
17    <!--
18     io.flutter.app.FlutterApplication is an android.app.Application that
19         calls FlutterMain.startInitialization(this); in its onCreate method.
20         In most cases you can leave this as-is, but you if you want to provide
21         additional functionality it is fine to subclass or reimplement
22         FlutterApplication and put your custom class here.
23    -->
24    <application
24-->src/main/AndroidManifest.xml:15:5-40:19
25        android:name="io.flutter.app.FlutterApplication"
25-->src/main/AndroidManifest.xml:16:9-57
26        android:appComponentFactory="androidx.core.app.CoreComponentFactory"
26-->[androidx.core:core:1.1.0] AndroidManifest.xml:24:18-86
27        android:debuggable="true"
28        android:icon="@mipmap/ic_launcher"
28-->src/main/AndroidManifest.xml:19:9-43
29        android:label="bmi_calculator"
29-->src/main/AndroidManifest.xml:17:9-39
30        android:screenOrientation="portrait" >
30-->src/main/AndroidManifest.xml:18:9-45
31        <activity
31-->src/main/AndroidManifest.xml:20:9-39:20
32            android:name="co.appbrewery.bmicalculator.MainActivity"
32-->src/main/AndroidManifest.xml:21:13-41
33            android:configChanges="orientation|keyboardHidden|keyboard|screenSize|locale|layoutDirection|fontScale|screenLayout|density"
33-->src/main/AndroidManifest.xml:25:13-137
34            android:hardwareAccelerated="true"
34-->src/main/AndroidManifest.xml:26:13-47
35            android:launchMode="singleTop"
35-->src/main/AndroidManifest.xml:23:13-43
36            android:screenOrientation="portrait"
36-->src/main/AndroidManifest.xml:22:13-49
37            android:theme="@style/LaunchTheme"
37-->src/main/AndroidManifest.xml:24:13-47
38            android:windowSoftInputMode="adjustResize" >
38-->src/main/AndroidManifest.xml:27:13-55
39
40            <!--
41                 This keeps the window background of the activity showing
42                 until Flutter renders its first frame. It can be removed if
43                 there is no splash screen (such as the default splash screen
44                 defined in @style/LaunchTheme).
45            -->
46            <meta-data
46-->src/main/AndroidManifest.xml:32:13-34:40
47                android:name="io.flutter.app.android.SplashScreenUntilFirstFrame"
47-->src/main/AndroidManifest.xml:33:17-82
48                android:value="true" />
48-->src/main/AndroidManifest.xml:34:17-37
49
50            <intent-filter>
50-->src/main/AndroidManifest.xml:35:13-38:29
51                <action android:name="android.intent.action.MAIN" />
51-->src/main/AndroidManifest.xml:36:17-68
51-->src/main/AndroidManifest.xml:36:25-66
52
53                <category android:name="android.intent.category.LAUNCHER" />
53-->src/main/AndroidManifest.xml:37:17-76
53-->src/main/AndroidManifest.xml:37:27-74
54            </intent-filter>
55        </activity>
56    </application>
57
58</manifest>